nohup: ignoring input
npm warn exec The following package was not found and will be installed: create-astro@4.12.1

> npx
> create-astro . --template minimal --typescript --yes


 astro   Launch sequence initiated.
      ◼  Hmm... "." is not empty!
      ◼  dir Project created at ./radiant-resonance
      ◼  tmpl Using minimal as project template

[?25l ██████  Project initializing...
         ▶ Template copying...
         □ Dependencies
         □ Git
node:events:502
      throw er; // Unhandled 'error' event
      ^

Error: EBADF: bad file descriptor, read
Emitted 'error' event on Interface instance at:
    at ReadStream.onerror (node:internal/readline/interface:239:10)
    at ReadStream.emit (node:events:524:28)
    at emitErrorNT (node:internal/streams/destroy:169:8)
    at errorOrDestroy (node:internal/streams/destroy:238:7)
    at node:internal/fs/streams:272:9
    at FSReqCallback.wrapper [as oncomplete] (node:fs:683:5) {
  errno: -9,
  code: 'EBADF',
  syscall: 'read'
}

Node.js v20.19.3
npm error code 1
npm error path /home/user/workspace
npm error command failed
npm error command sh -c create-astro . --template minimal --typescript --yes
npm error A complete log of this run can be found in: /home/user/.npm/_logs/2025-07-08T08_46_30_300Z-debug-0.log
